<?xml version="1.0" encoding="UTF-8"?>
<!-- Generated by org.testng.reporters.JUnitXMLReporter -->
<testsuite ignored="0" hostname="Oscar-G" failures="4" tests="4" name="Test" time="10.14" errors="0" timestamp="2023-12-23T18:10:20 COT">
  <testcase classname="Tests.TestRunner" name="close_add" time="0.007">
    <failure type="java.lang.NullPointerException">
      <![CDATA[java.lang.NullPointerException
at Pages.HomePage.close_modal(HomePage.java:105)
at Tests.TestRunner.close_add(TestRunner.java:32)
at java.base/java.util.ArrayList.forEach(ArrayList.java:1541)
... Removed 31 stack frames]]>
    </failure>
  </testcase> <!-- close_add -->
  <testcase classname="Tests.TestRunner" name="select_Date" time="0.001">
    <failure type="java.lang.NullPointerException">
      <![CDATA[java.lang.NullPointerException
at Pages.HomePage.open_calendar(HomePage.java:58)
at Tests.TestRunner.select_Date(TestRunner.java:46)
at java.base/java.util.ArrayList.forEach(ArrayList.java:1541)
... Removed 31 stack frames]]>
    </failure>
  </testcase> <!-- select_Date -->
  <testcase classname="Tests.TestRunner" name="select_destination" time="0.001">
    <failure type="java.lang.NullPointerException">
      <![CDATA[java.lang.NullPointerException
at Pages.HomePage.click_type_place(HomePage.java:26)
at Tests.TestRunner.select_destination(TestRunner.java:38)
at java.base/java.util.ArrayList.forEach(ArrayList.java:1541)
... Removed 31 stack frames]]>
    </failure>
  </testcase> <!-- select_destination -->
  <testcase classname="Tests.TestRunner" name="select_searchButton" time="0.0">
    <failure type="java.lang.NullPointerException">
      <![CDATA[java.lang.NullPointerException
at Pages.HomePage.search_button(HomePage.java:94)
at Tests.TestRunner.select_searchButton(TestRunner.java:60)
at java.base/java.util.ArrayList.forEach(ArrayList.java:1541)
... Removed 31 stack frames]]>
    </failure>
  </testcase> <!-- select_searchButton -->
</testsuite> <!-- Test -->
